{"name":"Log","hostname":"fd5455438260","pid":54,"level":30,"msg":"Creating table: posts ","time":"2018-07-25T09:22:50.816Z","v":0}
{"name":"Log","hostname":"fd5455438260","pid":54,"level":30,"msg":"Creating table: users ","time":"2018-07-25T09:22:50.842Z","v":0}
{"name":"Log","hostname":"fd5455438260","pid":54,"level":30,"msg":"Creating table: posts_authors ","time":"2018-07-25T09:22:50.876Z","v":0}
{"name":"Log","hostname":"fd5455438260","pid":54,"level":30,"msg":"Creating table: roles ","time":"2018-07-25T09:22:50.887Z","v":0}
{"name":"Log","hostname":"fd5455438260","pid":54,"level":30,"msg":"Creating table: roles_users ","time":"2018-07-25T09:22:50.931Z","v":0}
{"name":"Log","hostname":"fd5455438260","pid":54,"level":30,"msg":"Creating table: permissions ","time":"2018-07-25T09:22:50.939Z","v":0}
{"name":"Log","hostname":"fd5455438260","pid":54,"level":30,"msg":"Creating table: permissions_users ","time":"2018-07-25T09:22:50.951Z","v":0}
{"name":"Log","hostname":"fd5455438260","pid":54,"level":30,"msg":"Creating table: permissions_roles ","time":"2018-07-25T09:22:50.956Z","v":0}
{"name":"Log","hostname":"fd5455438260","pid":54,"level":30,"msg":"Creating table: permissions_apps ","time":"2018-07-25T09:22:50.966Z","v":0}
{"name":"Log","hostname":"fd5455438260","pid":54,"level":30,"msg":"Creating table: settings ","time":"2018-07-25T09:22:50.979Z","v":0}
{"name":"Log","hostname":"fd5455438260","pid":54,"level":30,"msg":"Creating table: tags ","time":"2018-07-25T09:22:50.990Z","v":0}
{"name":"Log","hostname":"fd5455438260","pid":54,"level":30,"msg":"Creating table: posts_tags ","time":"2018-07-25T09:22:51.003Z","v":0}
{"name":"Log","hostname":"fd5455438260","pid":54,"level":30,"msg":"Creating table: apps ","time":"2018-07-25T09:22:51.009Z","v":0}
{"name":"Log","hostname":"fd5455438260","pid":54,"level":30,"msg":"Creating table: app_settings ","time":"2018-07-25T09:22:51.045Z","v":0}
{"name":"Log","hostname":"fd5455438260","pid":54,"level":30,"msg":"Creating table: app_fields ","time":"2018-07-25T09:22:51.053Z","v":0}
{"name":"Log","hostname":"fd5455438260","pid":54,"level":30,"msg":"Creating table: clients ","time":"2018-07-25T09:22:51.060Z","v":0}
{"name":"Log","hostname":"fd5455438260","pid":54,"level":30,"msg":"Creating table: client_trusted_domains ","time":"2018-07-25T09:22:51.072Z","v":0}
{"name":"Log","hostname":"fd5455438260","pid":54,"level":30,"msg":"Creating table: accesstokens ","time":"2018-07-25T09:22:51.080Z","v":0}
{"name":"Log","hostname":"fd5455438260","pid":54,"level":30,"msg":"Creating table: refreshtokens ","time":"2018-07-25T09:22:51.090Z","v":0}
{"name":"Log","hostname":"fd5455438260","pid":54,"level":30,"msg":"Creating table: subscribers ","time":"2018-07-25T09:22:51.098Z","v":0}
{"name":"Log","hostname":"fd5455438260","pid":54,"level":30,"msg":"Creating table: invites ","time":"2018-07-25T09:22:51.107Z","v":0}
{"name":"Log","hostname":"fd5455438260","pid":54,"level":30,"msg":"Creating table: brute ","time":"2018-07-25T09:22:51.118Z","v":0}
{"name":"Log","hostname":"fd5455438260","pid":54,"level":30,"msg":"Creating table: webhooks ","time":"2018-07-25T09:22:51.126Z","v":0}
{"name":"Log","hostname":"fd5455438260","pid":54,"level":30,"msg":"Model: Tag ","time":"2018-07-25T09:22:51.139Z","v":0}
{"name":"Log","hostname":"fd5455438260","pid":54,"level":30,"msg":"Model: Client ","time":"2018-07-25T09:22:51.174Z","v":0}
{"name":"Log","hostname":"fd5455438260","pid":54,"level":30,"msg":"Model: Role ","time":"2018-07-25T09:22:51.218Z","v":0}
{"name":"Log","hostname":"fd5455438260","pid":54,"level":30,"msg":"Model: Permission ","time":"2018-07-25T09:22:51.262Z","v":0}
{"name":"Log","hostname":"fd5455438260","pid":54,"level":30,"msg":"Model: User ","time":"2018-07-25T09:22:51.588Z","v":0}
{"name":"Log","hostname":"fd5455438260","pid":54,"level":30,"msg":"Model: Post ","time":"2018-07-25T09:22:54.640Z","v":0}
{"name":"Log","hostname":"fd5455438260","pid":54,"level":30,"msg":"Relation: Role to Permission ","time":"2018-07-25T09:22:55.196Z","v":0}
{"name":"Log","hostname":"fd5455438260","pid":54,"level":30,"msg":"Relation: Post to Tag ","time":"2018-07-25T09:22:55.681Z","v":0}
{"name":"Log","hostname":"fd5455438260","pid":54,"level":30,"msg":"Relation: User to Role ","time":"2018-07-25T09:22:55.764Z","v":0}
{"name":"Log","hostname":"fd5455438260","pid":1,"level":40,"msg":"Theme's file locales/en.json not found. ","time":"2018-07-25T09:22:58.985Z","v":0}
{"name":"Log","hostname":"fd5455438260","pid":1,"level":30,"msg":"Ghost is running in production... ","time":"2018-07-25T09:22:59.377Z","v":0}
{"name":"Log","hostname":"fd5455438260","pid":1,"level":30,"msg":"Your blog is now available on http://localhost:2368/ ","time":"2018-07-25T09:22:59.379Z","v":0}
{"name":"Log","hostname":"fd5455438260","pid":1,"level":30,"msg":"Ctrl+C to shut down ","time":"2018-07-25T09:22:59.381Z","v":0}
{"name":"Log","hostname":"fd5455438260","pid":1,"level":30,"msg":"Ghost boot 3.328s ","time":"2018-07-25T09:22:59.384Z","v":0}
