# Logfile created on 2018-05-23 12:22:22 +0000 by logger.rb/56438
[2018-05-23T12:22:24+00:00] INFO: Started chef-zero at chefzero://localhost:1 with repository at /opt/gitlab/embedded
  One version per cookbook

[2018-05-23T12:22:25+00:00] INFO: *** Chef 13.6.4 ***
[2018-05-23T12:22:25+00:00] INFO: Platform: x86_64-linux
[2018-05-23T12:22:25+00:00] INFO: Chef-client pid: 25
[2018-05-23T12:22:25+00:00] INFO: The plugin path /etc/chef/ohai/plugins does not exist. Skipping...
[2018-05-23T12:22:27+00:00] WARN: Plugin Network: unable to detect ipaddress
[2018-05-23T12:22:33+00:00] INFO: Setting the run_list to ["recipe[gitlab]"] from CLI options
[2018-05-23T12:22:34+00:00] INFO: Run List is [recipe[gitlab]]
[2018-05-23T12:22:34+00:00] INFO: Run List expands to [gitlab]
[2018-05-23T12:22:34+00:00] INFO: Starting Chef Run for gitlab.yunwei.edu
[2018-05-23T12:22:34+00:00] INFO: Running start handlers
[2018-05-23T12:22:34+00:00] INFO: Start handlers complete.
[2018-05-23T12:22:42+00:00] INFO: Loading cookbooks [gitlab@0.0.1, package@0.1.0, postgresql@0.1.0, registry@0.1.0, mattermost@0.1.0, consul@0.0.0, gitaly@0.1.0, letsencrypt@0.1.0, nginx@0.1.0, runit@0.14.2, acme@3.1.0, crond@0.1.0, compat_resource@12.19.0]
[2018-05-23T12:22:49+00:00] WARN: Runtime directory '/run' is not a tmpfs.
[2018-05-23T12:22:51+00:00] WARN: Skipped selecting an init system because it looks like we are running in a container
[2018-05-23T12:22:55+00:00] INFO: The plugin path /etc/chef/ohai/plugins does not exist. Skipping...
[2018-05-23T12:22:58+00:00] INFO: execute[/opt/gitlab/embedded/service/gitlab-shell/bin/gitlab-keys check-permissions] ran successfully
[2018-05-23T12:23:07+00:00] INFO: execute[chown -R root:root /opt/gitlab/embedded/service/gitlab-rails/public] ran successfully
[2018-05-23T12:23:07+00:00] INFO: link[/opt/gitlab/service/redis] created
[2018-05-23T12:23:08+00:00] INFO: template[/var/opt/gitlab/postgresql/data/runtime.conf] backed up to /opt/gitlab/embedded/cookbooks/cache/backup/var/opt/gitlab/postgresql/data/runtime.conf.chef-20180523122308.100270
[2018-05-23T12:23:08+00:00] INFO: template[/var/opt/gitlab/postgresql/data/runtime.conf] updated file contents /var/opt/gitlab/postgresql/data/runtime.conf
[2018-05-23T12:23:08+00:00] INFO: link[/opt/gitlab/service/postgresql] created
[2018-05-23T12:23:12+00:00] INFO: link[/opt/gitlab/service/unicorn] created
[2018-05-23T12:23:12+00:00] INFO: link[/opt/gitlab/service/sidekiq] created
[2018-05-23T12:23:12+00:00] INFO: link[/opt/gitlab/service/gitlab-workhorse] created
[2018-05-23T12:23:13+00:00] INFO: template[/var/opt/gitlab/nginx/conf/nginx.conf] backed up to /opt/gitlab/embedded/cookbooks/cache/backup/var/opt/gitlab/nginx/conf/nginx.conf.chef-20180523122313.013897
[2018-05-23T12:23:13+00:00] INFO: template[/var/opt/gitlab/nginx/conf/nginx.conf] updated file contents /var/opt/gitlab/nginx/conf/nginx.conf
[2018-05-23T12:23:13+00:00] INFO: link[/opt/gitlab/service/nginx] created
[2018-05-23T12:23:13+00:00] INFO: link[/opt/gitlab/service/logrotate] created
[2018-05-23T12:23:13+00:00] INFO: link[/opt/gitlab/service/gitaly] created
[2018-05-23T12:23:13+00:00] INFO: link[/opt/gitlab/service/node-exporter] created
[2018-05-23T12:23:13+00:00] INFO: link[/opt/gitlab/service/gitlab-monitor] created
[2018-05-23T12:23:14+00:00] INFO: link[/opt/gitlab/service/redis-exporter] created
[2018-05-23T12:23:14+00:00] INFO: template[/opt/gitlab/sv/prometheus/run] backed up to /opt/gitlab/embedded/cookbooks/cache/backup/opt/gitlab/sv/prometheus/run.chef-20180523122314.143038
[2018-05-23T12:23:14+00:00] INFO: template[/opt/gitlab/sv/prometheus/run] updated file contents /opt/gitlab/sv/prometheus/run
[2018-05-23T12:23:14+00:00] INFO: link[/opt/gitlab/service/prometheus] created
[2018-05-23T12:23:14+00:00] INFO: link[/opt/gitlab/service/postgres-exporter] created
[2018-05-23T12:23:14+00:00] INFO: Chef Run complete in 40.700022048 seconds
[2018-05-23T12:23:14+00:00] INFO: Running report handlers
[2018-05-23T12:23:14+00:00] INFO: Report handlers complete
