# Logfile created on 2018-08-10 03:45:43 +0000 by logger.rb/56438
[2018-08-10T03:45:44+00:00] INFO: Started chef-zero at chefzero://localhost:1 with repository at /opt/gitlab/embedded
  One version per cookbook

[2018-08-10T03:45:44+00:00] INFO: *** Chef 13.6.4 ***
[2018-08-10T03:45:44+00:00] INFO: Platform: x86_64-linux
[2018-08-10T03:45:44+00:00] INFO: Chef-client pid: 22
[2018-08-10T03:45:44+00:00] INFO: The plugin path /etc/chef/ohai/plugins does not exist. Skipping...
[2018-08-10T03:45:44+00:00] WARN: Plugin Network: unable to detect ipaddress
[2018-08-10T03:45:45+00:00] INFO: Setting the run_list to ["recipe[gitlab]"] from CLI options
[2018-08-10T03:45:45+00:00] INFO: Run List is [recipe[gitlab]]
[2018-08-10T03:45:45+00:00] INFO: Run List expands to [gitlab]
[2018-08-10T03:45:45+00:00] INFO: Starting Chef Run for gitlab.yunwei.edu
[2018-08-10T03:45:45+00:00] INFO: Running start handlers
[2018-08-10T03:45:45+00:00] INFO: Start handlers complete.
[2018-08-10T03:45:47+00:00] INFO: Loading cookbooks [gitlab@0.0.1, package@0.1.0, postgresql@0.1.0, registry@0.1.0, mattermost@0.1.0, consul@0.0.0, gitaly@0.1.0, letsencrypt@0.1.0, nginx@0.1.0, runit@0.14.2, acme@3.1.0, crond@0.1.0, compat_resource@12.19.0]
[2018-08-10T03:45:49+00:00] WARN: Runtime directory '/run' is not a tmpfs.
[2018-08-10T03:45:50+00:00] WARN: Skipped selecting an init system because it looks like we are running in a container
[2018-08-10T03:45:50+00:00] INFO: The plugin path /etc/chef/ohai/plugins does not exist. Skipping...
[2018-08-10T03:45:51+00:00] INFO: execute[/opt/gitlab/embedded/service/gitlab-shell/bin/gitlab-keys check-permissions] ran successfully
[2018-08-10T03:45:52+00:00] INFO: template[/var/opt/gitlab/gitlab-rails/etc/gitlab.yml] backed up to /opt/gitlab/embedded/cookbooks/cache/backup/var/opt/gitlab/gitlab-rails/etc/gitlab.yml.chef-20180810034552.685473
[2018-08-10T03:45:52+00:00] INFO: template[/var/opt/gitlab/gitlab-rails/etc/gitlab.yml] updated file contents /var/opt/gitlab/gitlab-rails/etc/gitlab.yml
[2018-08-10T03:45:53+00:00] INFO: execute[chown -R root:root /opt/gitlab/embedded/service/gitlab-rails/public] ran successfully
[2018-08-10T03:45:54+00:00] INFO: ruby_block[Move existing certs and link to /opt/gitlab/embedded/ssl/certs] called
[2018-08-10T03:45:54+00:00] INFO: link[/opt/gitlab/service/redis] created
[2018-08-10T03:45:54+00:00] INFO: link[/opt/gitlab/service/postgresql] created
[2018-08-10T03:45:55+00:00] INFO: link[/opt/gitlab/service/unicorn] created
[2018-08-10T03:45:55+00:00] INFO: link[/opt/gitlab/service/sidekiq] created
[2018-08-10T03:45:56+00:00] INFO: link[/opt/gitlab/service/gitlab-workhorse] created
[2018-08-10T03:45:56+00:00] INFO: link[/opt/gitlab/service/nginx] created
[2018-08-10T03:45:56+00:00] INFO: link[/opt/gitlab/service/logrotate] created
[2018-08-10T03:45:56+00:00] INFO: link[/opt/gitlab/service/gitaly] created
[2018-08-10T03:45:56+00:00] INFO: link[/opt/gitlab/service/node-exporter] created
[2018-08-10T03:45:57+00:00] INFO: link[/opt/gitlab/service/gitlab-monitor] created
[2018-08-10T03:45:57+00:00] INFO: link[/opt/gitlab/service/redis-exporter] created
[2018-08-10T03:45:57+00:00] INFO: template[/opt/gitlab/sv/prometheus/run] backed up to /opt/gitlab/embedded/cookbooks/cache/backup/opt/gitlab/sv/prometheus/run.chef-20180810034557.447475
[2018-08-10T03:45:57+00:00] INFO: template[/opt/gitlab/sv/prometheus/run] updated file contents /opt/gitlab/sv/prometheus/run
[2018-08-10T03:45:57+00:00] INFO: link[/opt/gitlab/service/prometheus] created
[2018-08-10T03:45:57+00:00] INFO: link[/opt/gitlab/service/postgres-exporter] created
[2018-08-10T03:45:58+00:00] INFO: templatesymlink[Create a gitlab.yml and create a symlink to Rails root] sending run action to execute[clear the gitlab-rails cache] (delayed)
[2018-08-10T03:47:02+00:00] INFO: execute[clear the gitlab-rails cache] ran successfully
[2018-08-10T03:47:02+00:00] INFO: Chef Run complete in 77.125475072 seconds
[2018-08-10T03:47:03+00:00] INFO: Running report handlers
[2018-08-10T03:47:03+00:00] INFO: Report handlers complete
