# Logfile created on 2018-08-08 06:09:43 +0000 by logger.rb/56438
[2018-08-08T06:09:43+00:00] INFO: Started chef-zero at chefzero://localhost:1 with repository at /opt/gitlab/embedded
  One version per cookbook

[2018-08-08T06:09:43+00:00] INFO: *** Chef 13.6.4 ***
[2018-08-08T06:09:43+00:00] INFO: Platform: x86_64-linux
[2018-08-08T06:09:43+00:00] INFO: Chef-client pid: 22
[2018-08-08T06:09:43+00:00] INFO: The plugin path /etc/chef/ohai/plugins does not exist. Skipping...
[2018-08-08T06:09:44+00:00] WARN: Plugin Network: unable to detect ipaddress
[2018-08-08T06:09:45+00:00] INFO: Setting the run_list to ["recipe[gitlab]"] from CLI options
[2018-08-08T06:09:45+00:00] INFO: Run List is [recipe[gitlab]]
[2018-08-08T06:09:45+00:00] INFO: Run List expands to [gitlab]
[2018-08-08T06:09:45+00:00] INFO: Starting Chef Run for gitlab.yunwei.edu
[2018-08-08T06:09:45+00:00] INFO: Running start handlers
[2018-08-08T06:09:45+00:00] INFO: Start handlers complete.
[2018-08-08T06:09:46+00:00] INFO: Loading cookbooks [gitlab@0.0.1, package@0.1.0, postgresql@0.1.0, registry@0.1.0, mattermost@0.1.0, consul@0.0.0, gitaly@0.1.0, letsencrypt@0.1.0, nginx@0.1.0, runit@0.14.2, acme@3.1.0, crond@0.1.0, compat_resource@12.19.0]
[2018-08-08T06:09:48+00:00] WARN: Runtime directory '/run' is not a tmpfs.
[2018-08-08T06:09:48+00:00] WARN: Skipped selecting an init system because it looks like we are running in a container
[2018-08-08T06:09:49+00:00] INFO: The plugin path /etc/chef/ohai/plugins does not exist. Skipping...
[2018-08-08T06:09:49+00:00] INFO: execute[/opt/gitlab/embedded/service/gitlab-shell/bin/gitlab-keys check-permissions] ran successfully
[2018-08-08T06:09:50+00:00] INFO: execute[chown -R root:root /opt/gitlab/embedded/service/gitlab-rails/public] ran successfully
[2018-08-08T06:09:50+00:00] INFO: link[/opt/gitlab/service/redis] created
[2018-08-08T06:09:50+00:00] INFO: link[/opt/gitlab/service/postgresql] created
[2018-08-08T06:09:51+00:00] INFO: link[/opt/gitlab/service/unicorn] created
[2018-08-08T06:09:51+00:00] INFO: link[/opt/gitlab/service/sidekiq] created
[2018-08-08T06:09:51+00:00] INFO: link[/opt/gitlab/service/gitlab-workhorse] created
[2018-08-08T06:09:51+00:00] INFO: link[/opt/gitlab/service/nginx] created
[2018-08-08T06:09:51+00:00] INFO: link[/opt/gitlab/service/logrotate] created
[2018-08-08T06:09:51+00:00] INFO: link[/opt/gitlab/service/gitaly] created
[2018-08-08T06:09:51+00:00] INFO: link[/opt/gitlab/service/node-exporter] created
[2018-08-08T06:09:51+00:00] INFO: link[/opt/gitlab/service/gitlab-monitor] created
[2018-08-08T06:09:52+00:00] INFO: link[/opt/gitlab/service/redis-exporter] created
[2018-08-08T06:09:52+00:00] INFO: directory[/var/opt/gitlab/prometheus] created directory /var/opt/gitlab/prometheus
[2018-08-08T06:09:52+00:00] INFO: directory[/var/opt/gitlab/prometheus] owner changed to 992
[2018-08-08T06:09:52+00:00] INFO: directory[/var/opt/gitlab/prometheus] mode changed to 750
[2018-08-08T06:09:52+00:00] INFO: file[Prometheus config] created file /var/opt/gitlab/prometheus/prometheus.yml
[2018-08-08T06:09:52+00:00] INFO: file[Prometheus config] updated file contents /var/opt/gitlab/prometheus/prometheus.yml
[2018-08-08T06:09:52+00:00] INFO: file[Prometheus config] owner changed to 992
[2018-08-08T06:09:52+00:00] INFO: file[Prometheus config] mode changed to 644
[2018-08-08T06:09:52+00:00] INFO: link[/opt/gitlab/service/prometheus] created
[2018-08-08T06:09:52+00:00] INFO: link[/opt/gitlab/service/postgres-exporter] created
[2018-08-08T06:09:52+00:00] INFO: file[Prometheus config] sending restart action to service[prometheus] (delayed)
[2018-08-08T06:09:53+00:00] ERROR: Running exception handlers
[2018-08-08T06:09:53+00:00] ERROR: Exception handlers complete
[2018-08-08T06:09:53+00:00] FATAL: Stacktrace dumped to /opt/gitlab/embedded/cookbooks/cache/chef-stacktrace.out
[2018-08-08T06:09:53+00:00] FATAL: Please provide the contents of the stacktrace.out file if you file a bug report
[2018-08-08T06:09:53+00:00] FATAL: Mixlib::ShellOut::ShellCommandFailed: service[prometheus] (gitlab::prometheus line 217) had an error: Mixlib::ShellOut::ShellCommandFailed: Expected process to exit with [0], but received '1'
---- Begin output of /opt/gitlab/embedded/bin/chpst -u root /opt/gitlab/embedded/bin/sv restart /opt/gitlab/service/prometheus ----
STDOUT: fail: /opt/gitlab/service/prometheus: runsv not running
STDERR: 
---- End output of /opt/gitlab/embedded/bin/chpst -u root /opt/gitlab/embedded/bin/sv restart /opt/gitlab/service/prometheus ----
Ran /opt/gitlab/embedded/bin/chpst -u root /opt/gitlab/embedded/bin/sv restart /opt/gitlab/service/prometheus returned 1
